runcpu v6612 started at 2023-04-03 15:46:24 on "gem5-host"
runcpu is: /home/gem5/spec2017/bin/harness/runcpu
runcpu: runcpu --size test --iterations 1 --config myconfig.x86.cfg --define gcc_dir=/usr --noreportable --nobuild 502.gcc_r
toolset: linux-x86_64
suite: CPU2017 1.1.9

Locating benchmarks...found 47 benchmarks in 73 benchsets.
Reading config file '/home/gem5/spec2017/config/myconfig.x86.cfg'

1 configuration selected:

 Action    Run Mode   Workload     Report Type      Benchmarks
--------   --------   --------   ----------------   ---------------------------
validate   rate       test       SPECrate2017_int   502.gcc_r                  
-------------------------------------------------------------------------------

Setting up environment for running 502.gcc_r...
Starting runcpu for 502.gcc_r...
Retrieving flags file (/home/gem5/spec2017/config/flags/gcc.xml)...
Verbosity = 5
Action    = validate
Tune      = base,peak
Label     = mytest-m64
Size      = test
benchmarks= 502.gcc_r
outputs   = txt,html,cfg,pdf,csv
username  = root
Environment settings:
LD_LIBRARY_PATH = "%{gcc_dir}/lib64/:%{gcc_dir}/lib/:/lib64"

Benchmarks selected: 502.gcc_r
When checking executables (/home/gem5/spec2017/benchspec/CPU/502.gcc_r/exe/cpugcc_r_peak.mytest-m64), no checksums were
  found in the config file.  They will be installed after build.
When checking executables (/home/gem5/spec2017/benchspec/CPU/502.gcc_r/exe/cpugcc_r_peak.mytest-m64), no checksums were
  found in the config file.  They will be installed after build.
Compiling Binaries
------------------------------------------------------------------------
COMP: "/usr/bin/gcc     -std=c99   -m64 -c -o options.o -DSPEC -DNDEBUG -I. -I./include -I./spec_qsort -DSPEC_502 -DSPEC_AUTO_SUPPRESS_OPENMP -DIN_GCC -DHAVE_CONFIG_H  -g -O3          -fno-strict-aliasing -fno-unsafe-math-optimizations -fno-finite-math-only -fgnu89-inline -fcommon     -DSPEC_LP64  <source>"
C: CC="/usr/bin/gcc     -std=c99   -m64"
C: COBJOPT="-c -o options"
P: CPUFLAGS="-DSPEC -DNDEBUG"
P: BENCH_FLAGS="-I. -I./include -I./spec_qsort -DSPEC_502 -DSPEC_AUTO_SUPPRESS_OPENMP -DIN_GCC -DHAVE_CONFIG_H"
P: BENCH_CFLAGS=""
O: OPTIMIZE="-g -O3"
O: COPTIMIZE=""
P: PORTABILITY=""
P: CPORTABILITY=""
O: EXTRA_CFLAGS="-fno-strict-aliasing -fno-unsafe-math-optimizations -fno-finite-math-only -fgnu89-inline -fcommon"
O: EXTRA_OPTIMIZE=""
O: EXTRA_COPTIMIZE=""
P: EXTRA_PORTABILITY="-DSPEC_LP64"
P: EXTRA_CPORTABILITY=""
LINK: "/usr/bin/gcc     -std=c99   -m64      -g -O3          <objects>   -lm         -o options  "
C: LD="/usr/bin/gcc     -std=c99   -m64"
O: OPTIMIZE="-g -O3"
C: MATH_LIBS="-lm"
C: LDOUT="-o options"
 CC_VERSION_OPTION:
gcc (Ubuntu 7.5.0-3ubuntu1~18.04) 7.5.0
Copyright (C) 2017 Free Software Foundation, Inc.
This is free software; see the source for copying conditions.  There is NO
warranty; not even for MERCHANTABILITY or FITNESS FOR A PARTICULAR PURPOSE.

  Up to date 502.gcc_r base mytest-m64
------------------------------------------------------------------------
When checking options for /home/gem5/spec2017/benchspec/CPU/502.gcc_r/exe/cpugcc_r_peak.mytest-m64, no checksums were
  found in the config file.  They will be installed after build.
When checking executables (/home/gem5/spec2017/benchspec/CPU/502.gcc_r/exe/cpugcc_r_peak.mytest-m64), no checksums were
  found in the config file.  They will be installed after build.
  NOT Building 502.gcc_r peak mytest-m64; nobuild is on

Build successes for intrate: None
Build errors for intrate: 502.gcc_r(peak; nobuild)

Setting Up Run Directories
  Setting up 502.gcc_r test base mytest-m64 (1 copy): run_base_test_mytest-m64.0000
-----------------------------------
Running Benchmarks
-----------------------------------
  Running 502.gcc_r test base mytest-m64 (1 copy) [2023-04-03 15:46:56]
OpenMP environment variables removed: None
OpenMP environment variables in effect:
	OMP_NUM_THREADS	=> '1'
	OMP_THREAD_LIMIT	=> '1'
Pre-run environment changes:
	'OMP_NUM_THREADS' added: (value now '1')
	'OMP_THREAD_LIMIT' added: (value now '1')
Commands to run (specinvoke command file):
    -r
    -N C
    -C /home/gem5/spec2017/benchspec/CPU/502.gcc_r/run/run_base_test_mytest-m64.0000
    -o t1.opts-O3_-finline-limit_50000.out -e t1.opts-O3_-finline-limit_50000.err ../run_base_test_mytest-m64.0000/cpugcc_r_base.mytest-m64 t1.c -O3 -finline-limit=50000 -o t1.opts-O3_-finline-limit_50000.s > t1.opts-O3_-finline-limit_50000.out 2>> t1.opts-O3_-finline-limit_50000.err (timed)
Specinvoke: /home/gem5/spec2017/bin/specinvoke -d /home/gem5/spec2017/benchspec/CPU/502.gcc_r/run/run_base_test_mytest-m64.0000 -f speccmds.cmd -q -e speccmds.err -o speccmds.stdout
Issuing command '/home/gem5/spec2017/bin/specinvoke -d /home/gem5/spec2017/benchspec/CPU/502.gcc_r/run/run_base_test_mytest-m64.0000 -f speccmds.cmd -q -e speccmds.err -o speccmds.stdout'
Start command: 2023-04-03 15:46:56 (1680551216.78671)
Stop command: 2023-04-03 15:46:57 (1680551217.09566)
Elapsed time for command: 00:00:00 (0.308953046798706)
Workload elapsed time (copy 0 workload 1) = 0.032995 seconds
Copy 0 of 502.gcc_r (base test) run 1 finished at 2023-04-03 15:46:56.  Total elapsed time: 0.032995
OpenMP environment variables removed: None
OpenMP environment variables in effect:
	OMP_NUM_THREADS	=> '1'
	OMP_THREAD_LIMIT	=> '1'
Pre-run environment changes:
	'OMP_NUM_THREADS' added: (value now '1')
	'OMP_THREAD_LIMIT' added: (value now '1')
comparing 't1.opts-O3_-finline-limit_50000.s' with floatcompare=1, nansupport=no
Specinvoke: /home/gem5/spec2017/bin/specinvoke -d /home/gem5/spec2017/benchspec/CPU/502.gcc_r/run/run_base_test_mytest-m64.0000 -f compare.cmd -E -e compare.err -o compare.stdout
Issuing command '/home/gem5/spec2017/bin/specinvoke -d /home/gem5/spec2017/benchspec/CPU/502.gcc_r/run/run_base_test_mytest-m64.0000 -f compare.cmd -E -e compare.err -o compare.stdout'
Start command: 2023-04-03 15:46:57 (1680551217.56659)
Stop command: 2023-04-03 15:46:58 (1680551218.58144)
Elapsed time for command: 00:00:01 (1.0148458480835)
Benchmark Times:
  Run Start:    2023-04-03 15:46:56 (1680551216)
  Rate Start:   2023-04-03 15:46:56 (1680551216.90269)
  Rate End:     2023-04-03 15:46:56 (1680551216.93569)
  Run Stop:     2023-04-03 15:46:57 (1680551217)
  Run Elapsed:  00:00:01 (1)
  Run Reported: 00:00:00 (0 32995223 0.033)
 Success 502.gcc_r base test ratio=-0.00, runtime=0.033000, copies=1, threads=1, power=0.00W, temp=0.00 degC, humidity=0.00%
Success: 1x502.gcc_r
Error: 1x502.gcc_r
Producing Raw Reports
 label: mytest-m64
  workload: test
   benchset: intspeed
   benchset: intrate
   metric: SPECrate2017_int_base, SPECrate2017_int_peak
    format: raw -> /home/gem5/spec2017/result/CPU2017.001.intrate.test.rsf
Parsing flags for 502.gcc_r base: done
Doing flag reduction: done
    format: flags -> /home/gem5/spec2017/result/CPU2017.001.intrate.test.flags.html
    format: cfg -> /home/gem5/spec2017/result/CPU2017.001.intrate.test.cfg
    format: CSV -> /home/gem5/spec2017/result/CPU2017.001.intrate.test.csv
    format: PDF -> /home/gem5/spec2017/result/CPU2017.001.intrate.test.pdf
    format: HTML -> /home/gem5/spec2017/result/CPU2017.001.intrate.test.html, /home/gem5/spec2017/result/invalid.gif
    format: Text -> /home/gem5/spec2017/result/CPU2017.001.intrate.test.txt
   benchset: fpspeed
   benchset: fprate
runcpu finished at 2023-04-03 15:47:30; 60 total seconds elapsed
Info: file_tail(1167): file '/home/gem5/spec2017/tmp/CPU2017.001/templogs/preenv.intrate.001.0.log.debug' was removed and will no longer be followed.  No action is required.
The log for this run is in /home/gem5/spec2017/result/CPU2017.001.log

runcpu finished at 2023-04-03 15:47:30; 66 total seconds elapsed
